[debug] [2026-04-04T04:27:08.164Z] ----------------------------------------------------------------------
[debug] [2026-04-04T04:27:08.167Z] Command:       /usr/local/Cellar/node/25.2.1/bin/node /usr/local/bin/firebase deploy
[debug] [2026-04-04T04:27:08.167Z] CLI Version:   14.6.0
[debug] [2026-04-04T04:27:08.167Z] Platform:      darwin
[debug] [2026-04-04T04:27:08.168Z] Node Version:  v25.2.1
[debug] [2026-04-04T04:27:08.168Z] Time:          Sat Apr 04 2026 00:27:08 GMT-0400 (Eastern Daylight Time)
[debug] [2026-04-04T04:27:08.168Z] ----------------------------------------------------------------------
[debug] 
[debug] [2026-04-04T04:27:08.171Z] >>> [apiv2][query] GET https://firebase-public.firebaseio.com/cli.json [none]
[debug] [2026-04-04T04:27:08.442Z] > command requires scopes: ["email","openid","https://www.googleapis.com/auth/cloudplatformprojects.readonly","https://www.googleapis.com/auth/firebase","https://www.googleapis.com/auth/cloud-platform"]
[debug] [2026-04-04T04:27:08.443Z] > authorizing via signed-in user (353087497s@gmail.com)
[debug] [2026-04-04T04:27:08.443Z] [iam] checking project matthew-tian for permissions ["firebase.projects.get","firebasehosting.sites.update"]
[debug] [2026-04-04T04:27:08.443Z] Checked if tokens are valid: false, expires at: 1749165699965
[debug] [2026-04-04T04:27:08.444Z] Checked if tokens are valid: false, expires at: 1749165699965
[debug] [2026-04-04T04:27:08.444Z] > refreshing access token with scopes: []
[debug] [2026-04-04T04:27:08.445Z] >>> [apiv2][query] POST https://www.googleapis.com/oauth2/v3/token [none]
[debug] [2026-04-04T04:27:08.445Z] >>> [apiv2][body] POST https://www.googleapis.com/oauth2/v3/token [omitted]
[debug] [2026-04-04T04:27:08.708Z] <<< [apiv2][status] GET https://firebase-public.firebaseio.com/cli.json 200
[debug] [2026-04-04T04:27:08.709Z] <<< [apiv2][body] GET https://firebase-public.firebaseio.com/cli.json {"cloudBuildErrorAfter":1594252800000,"cloudBuildWarnAfter":1590019200000,"defaultNode10After":1594252800000,"minVersion":"3.0.5","node8DeploysDisabledAfter":1613390400000,"node8RuntimeDisabledAfter":1615809600000,"node8WarnAfter":1600128000000}
[debug] [2026-04-04T04:27:09.780Z] <<< [apiv2][status] POST https://www.googleapis.com/oauth2/v3/token 400
[debug] [2026-04-04T04:27:09.780Z] <<< [apiv2][body] POST https://www.googleapis.com/oauth2/v3/token [omitted]
[debug] [2026-04-04T04:27:09.781Z] >>> [apiv2][query] POST https://cloudresourcemanager.googleapis.com/v1/projects/matthew-tian:testIamPermissions [none]
[debug] [2026-04-04T04:27:09.781Z] >>> [apiv2][(partial)header] POST https://cloudresourcemanager.googleapis.com/v1/projects/matthew-tian:testIamPermissions x-goog-quota-user=projects/matthew-tian
[debug] [2026-04-04T04:27:09.781Z] >>> [apiv2][body] POST https://cloudresourcemanager.googleapis.com/v1/projects/matthew-tian:testIamPermissions {"permissions":["firebase.projects.get","firebasehosting.sites.update"]}
[debug] [2026-04-04T04:27:10.046Z] <<< [apiv2][status] POST https://cloudresourcemanager.googleapis.com/v1/projects/matthew-tian:testIamPermissions 401
[debug] [2026-04-04T04:27:10.046Z] <<< [apiv2][body] POST https://cloudresourcemanager.googleapis.com/v1/projects/matthew-tian:testIamPermissions {"error":{"code":401,"message":"Request had invalid authentication credentials. Expected OAuth 2 access token, login cookie or other valid authentication credential. See https://developers.google.com/identity/sign-in/web/devconsole-project.","status":"UNAUTHENTICATED","details":[{"@type":"type.googleapis.com/google.rpc.ErrorInfo","reason":"ACCESS_TOKEN_TYPE_UNSUPPORTED","metadata":{"method":"google.cloudresourcemanager.v1.Projects.TestIamPermissions","service":"cloudresourcemanager.googleapis.com"}}]}}
[debug] [2026-04-04T04:27:10.046Z] Got a 401 Unauthenticated error for a call that required authentication. Refreshing tokens.
[debug] [2026-04-04T04:27:10.046Z] Checked if tokens are valid: false, expires at: 1749165699965
[debug] [2026-04-04T04:27:10.046Z] Checked if tokens are valid: false, expires at: 1749165699965
[debug] [2026-04-04T04:27:10.046Z] > refreshing access token with scopes: []
[debug] [2026-04-04T04:27:10.047Z] >>> [apiv2][query] POST https://www.googleapis.com/oauth2/v3/token [none]
[debug] [2026-04-04T04:27:10.047Z] >>> [apiv2][body] POST https://www.googleapis.com/oauth2/v3/token [omitted]
[debug] [2026-04-04T04:27:10.125Z] <<< [apiv2][status] POST https://www.googleapis.com/oauth2/v3/token 400
[debug] [2026-04-04T04:27:10.125Z] <<< [apiv2][body] POST https://www.googleapis.com/oauth2/v3/token [omitted]
[debug] [2026-04-04T04:27:10.126Z] [iam] error while checking permissions, command may fail: Request to https://cloudresourcemanager.googleapis.com/v1/projects/matthew-tian:testIamPermissions had HTTP Error: 401, Request had invalid authentication credentials. Expected OAuth 2 access token, login cookie or other valid authentication credential. See https://developers.google.com/identity/sign-in/web/devconsole-project.
[debug] [2026-04-04T04:27:10.126Z] Checked if tokens are valid: false, expires at: 1749165699965
[debug] [2026-04-04T04:27:10.126Z] Checked if tokens are valid: false, expires at: 1749165699965
[debug] [2026-04-04T04:27:10.126Z] > refreshing access token with scopes: []
[debug] [2026-04-04T04:27:10.127Z] >>> [apiv2][query] POST https://www.googleapis.com/oauth2/v3/token [none]
[debug] [2026-04-04T04:27:10.127Z] >>> [apiv2][body] POST https://www.googleapis.com/oauth2/v3/token [omitted]
[debug] [2026-04-04T04:27:10.230Z] <<< [apiv2][status] POST https://www.googleapis.com/oauth2/v3/token 400
[debug] [2026-04-04T04:27:10.230Z] <<< [apiv2][body] POST https://www.googleapis.com/oauth2/v3/token [omitted]
[debug] [2026-04-04T04:27:10.230Z] >>> [apiv2][query] GET https://firebase.googleapis.com/v1beta1/projects/matthew-tian [none]
[debug] [2026-04-04T04:27:10.493Z] <<< [apiv2][status] GET https://firebase.googleapis.com/v1beta1/projects/matthew-tian 401
[debug] [2026-04-04T04:27:10.493Z] <<< [apiv2][body] GET https://firebase.googleapis.com/v1beta1/projects/matthew-tian {"error":{"code":401,"message":"Request had invalid authentication credentials. Expected OAuth 2 access token, login cookie or other valid authentication credential. See https://developers.google.com/identity/sign-in/web/devconsole-project.","status":"UNAUTHENTICATED"}}
[debug] [2026-04-04T04:27:10.493Z] Got a 401 Unauthenticated error for a call that required authentication. Refreshing tokens.
[debug] [2026-04-04T04:27:10.493Z] Checked if tokens are valid: false, expires at: 1749165699965
[debug] [2026-04-04T04:27:10.493Z] Checked if tokens are valid: false, expires at: 1749165699965
[debug] [2026-04-04T04:27:10.493Z] > refreshing access token with scopes: []
[debug] [2026-04-04T04:27:10.493Z] >>> [apiv2][query] POST https://www.googleapis.com/oauth2/v3/token [none]
[debug] [2026-04-04T04:27:10.493Z] >>> [apiv2][body] POST https://www.googleapis.com/oauth2/v3/token [omitted]
[debug] [2026-04-04T04:27:10.614Z] <<< [apiv2][status] POST https://www.googleapis.com/oauth2/v3/token 400
[debug] [2026-04-04T04:27:10.614Z] <<< [apiv2][body] POST https://www.googleapis.com/oauth2/v3/token [omitted]
[debug] [2026-04-04T04:27:10.614Z] Request to https://firebase.googleapis.com/v1beta1/projects/matthew-tian had HTTP Error: 401, Request had invalid authentication credentials. Expected OAuth 2 access token, login cookie or other valid authentication credential. See https://developers.google.com/identity/sign-in/web/devconsole-project.
[debug] [2026-04-04T04:27:10.616Z] Specified "public" directory "/Users/matthewtian/Desktop/MTWEB/public " does not exist; Deploy to Hosting site "" may fail or be empty.
[error] 
[error] Error: Assertion failed: resolving hosting target of a site with no site name or target name. This should have caused an error earlier
[debug] [2026-04-04T04:33:23.680Z] ----------------------------------------------------------------------
[debug] [2026-04-04T04:33:23.687Z] Command:       /usr/local/Cellar/node/25.2.1/bin/node /usr/local/bin/firebase deploy
[debug] [2026-04-04T04:33:23.688Z] CLI Version:   14.6.0
[debug] [2026-04-04T04:33:23.688Z] Platform:      darwin
[debug] [2026-04-04T04:33:23.688Z] Node Version:  v25.2.1
[debug] [2026-04-04T04:33:23.688Z] Time:          Sat Apr 04 2026 00:33:23 GMT-0400 (Eastern Daylight Time)
[debug] [2026-04-04T04:33:23.688Z] ----------------------------------------------------------------------
[debug] 
[debug] [2026-04-04T04:33:23.990Z] > command requires scopes: ["email","openid","https://www.googleapis.com/auth/cloudplatformprojects.readonly","https://www.googleapis.com/auth/firebase","https://www.googleapis.com/auth/cloud-platform"]
[debug] [2026-04-04T04:33:23.991Z] > authorizing via signed-in user (353087497s@gmail.com)
[debug] [2026-04-04T04:33:23.991Z] [iam] checking project matthew-tian for permissions ["firebase.projects.get","firebasehosting.sites.update"]
[debug] [2026-04-04T04:33:23.992Z] Checked if tokens are valid: false, expires at: 1749165699965
[debug] [2026-04-04T04:33:23.993Z] Checked if tokens are valid: false, expires at: 1749165699965
[debug] [2026-04-04T04:33:23.993Z] > refreshing access token with scopes: []
[debug] [2026-04-04T04:33:23.995Z] >>> [apiv2][query] POST https://www.googleapis.com/oauth2/v3/token [none]
[debug] [2026-04-04T04:33:23.995Z] >>> [apiv2][body] POST https://www.googleapis.com/oauth2/v3/token [omitted]
[debug] [2026-04-04T04:33:24.187Z] <<< [apiv2][status] POST https://www.googleapis.com/oauth2/v3/token 400
[debug] [2026-04-04T04:33:24.187Z] <<< [apiv2][body] POST https://www.googleapis.com/oauth2/v3/token [omitted]
[debug] [2026-04-04T04:33:24.187Z] >>> [apiv2][query] POST https://cloudresourcemanager.googleapis.com/v1/projects/matthew-tian:testIamPermissions [none]
[debug] [2026-04-04T04:33:24.187Z] >>> [apiv2][(partial)header] POST https://cloudresourcemanager.googleapis.com/v1/projects/matthew-tian:testIamPermissions x-goog-quota-user=projects/matthew-tian
[debug] [2026-04-04T04:33:24.188Z] >>> [apiv2][body] POST https://cloudresourcemanager.googleapis.com/v1/projects/matthew-tian:testIamPermissions {"permissions":["firebase.projects.get","firebasehosting.sites.update"]}
[debug] [2026-04-04T04:33:24.408Z] <<< [apiv2][status] POST https://cloudresourcemanager.googleapis.com/v1/projects/matthew-tian:testIamPermissions 401
[debug] [2026-04-04T04:33:24.408Z] <<< [apiv2][body] POST https://cloudresourcemanager.googleapis.com/v1/projects/matthew-tian:testIamPermissions {"error":{"code":401,"message":"Request had invalid authentication credentials. Expected OAuth 2 access token, login cookie or other valid authentication credential. See https://developers.google.com/identity/sign-in/web/devconsole-project.","status":"UNAUTHENTICATED","details":[{"@type":"type.googleapis.com/google.rpc.ErrorInfo","reason":"ACCESS_TOKEN_TYPE_UNSUPPORTED","metadata":{"method":"google.cloudresourcemanager.v1.Projects.TestIamPermissions","service":"cloudresourcemanager.googleapis.com"}}]}}
[debug] [2026-04-04T04:33:24.408Z] Got a 401 Unauthenticated error for a call that required authentication. Refreshing tokens.
[debug] [2026-04-04T04:33:24.408Z] Checked if tokens are valid: false, expires at: 1749165699965
[debug] [2026-04-04T04:33:24.408Z] Checked if tokens are valid: false, expires at: 1749165699965
[debug] [2026-04-04T04:33:24.408Z] > refreshing access token with scopes: []
[debug] [2026-04-04T04:33:24.409Z] >>> [apiv2][query] POST https://www.googleapis.com/oauth2/v3/token [none]
[debug] [2026-04-04T04:33:24.409Z] >>> [apiv2][body] POST https://www.googleapis.com/oauth2/v3/token [omitted]
[debug] [2026-04-04T04:33:24.463Z] <<< [apiv2][status] POST https://www.googleapis.com/oauth2/v3/token 400
[debug] [2026-04-04T04:33:24.463Z] <<< [apiv2][body] POST https://www.googleapis.com/oauth2/v3/token [omitted]
[debug] [2026-04-04T04:33:24.464Z] [iam] error while checking permissions, command may fail: Request to https://cloudresourcemanager.googleapis.com/v1/projects/matthew-tian:testIamPermissions had HTTP Error: 401, Request had invalid authentication credentials. Expected OAuth 2 access token, login cookie or other valid authentication credential. See https://developers.google.com/identity/sign-in/web/devconsole-project.
[debug] [2026-04-04T04:33:24.464Z] Checked if tokens are valid: false, expires at: 1749165699965
[debug] [2026-04-04T04:33:24.464Z] Checked if tokens are valid: false, expires at: 1749165699965
[debug] [2026-04-04T04:33:24.465Z] > refreshing access token with scopes: []
[debug] [2026-04-04T04:33:24.465Z] >>> [apiv2][query] POST https://www.googleapis.com/oauth2/v3/token [none]
[debug] [2026-04-04T04:33:24.465Z] >>> [apiv2][body] POST https://www.googleapis.com/oauth2/v3/token [omitted]
[debug] [2026-04-04T04:33:24.571Z] <<< [apiv2][status] POST https://www.googleapis.com/oauth2/v3/token 400
[debug] [2026-04-04T04:33:24.571Z] <<< [apiv2][body] POST https://www.googleapis.com/oauth2/v3/token [omitted]
[debug] [2026-04-04T04:33:24.572Z] >>> [apiv2][query] GET https://firebase.googleapis.com/v1beta1/projects/matthew-tian [none]
[debug] [2026-04-04T04:33:24.807Z] <<< [apiv2][status] GET https://firebase.googleapis.com/v1beta1/projects/matthew-tian 401
[debug] [2026-04-04T04:33:24.808Z] <<< [apiv2][body] GET https://firebase.googleapis.com/v1beta1/projects/matthew-tian {"error":{"code":401,"message":"Request had invalid authentication credentials. Expected OAuth 2 access token, login cookie or other valid authentication credential. See https://developers.google.com/identity/sign-in/web/devconsole-project.","status":"UNAUTHENTICATED"}}
[debug] [2026-04-04T04:33:24.808Z] Got a 401 Unauthenticated error for a call that required authentication. Refreshing tokens.
[debug] [2026-04-04T04:33:24.808Z] Checked if tokens are valid: false, expires at: 1749165699965
[debug] [2026-04-04T04:33:24.808Z] Checked if tokens are valid: false, expires at: 1749165699965
[debug] [2026-04-04T04:33:24.808Z] > refreshing access token with scopes: []
[debug] [2026-04-04T04:33:24.808Z] >>> [apiv2][query] POST https://www.googleapis.com/oauth2/v3/token [none]
[debug] [2026-04-04T04:33:24.808Z] >>> [apiv2][body] POST https://www.googleapis.com/oauth2/v3/token [omitted]
[debug] [2026-04-04T04:33:24.862Z] <<< [apiv2][status] POST https://www.googleapis.com/oauth2/v3/token 400
[debug] [2026-04-04T04:33:24.862Z] <<< [apiv2][body] POST https://www.googleapis.com/oauth2/v3/token [omitted]
[debug] [2026-04-04T04:33:24.862Z] Request to https://firebase.googleapis.com/v1beta1/projects/matthew-tian had HTTP Error: 401, Request had invalid authentication credentials. Expected OAuth 2 access token, login cookie or other valid authentication credential. See https://developers.google.com/identity/sign-in/web/devconsole-project.
[debug] [2026-04-04T04:33:24.864Z] Specified "public" directory "/Users/matthewtian/Desktop/MTWEB/public " does not exist; Deploy to Hosting site "" may fail or be empty.
[error] 
[error] Error: Assertion failed: resolving hosting target of a site with no site name or target name. This should have caused an error earlier
